seor
ENCODING TARGET ERROR at token_id 2202
nt
s
nt
s


s
nt











nt
s
faade
faade
nt
nt



s



nt



s
nt




s

nt


d


s

nt
re


s







nt
s

s



nt
ve



"
nt
s
s

I

but


s

s
d
nt

nt
nt
nt



re






re








re





nt
s


s
nt

s



nt


s

re



nt
nt
d

nt

s

s
s
nt
s

s


nt
s





s


s



s



re








s
ve

"





ll







d







nt


nt
nt






nt


s




nt

nt
nt



back


re
nt





d



ll


nt
nt
d
nt
ll

d
s

s


s
nt
ll


re









"



nt


s
nt



ve

"
"

nt


nt

s

s



s
nt



I
nt

s


d

s
ll


d
d
"
nt




s


nt


nt
re


Yes

s
nt


m


s

s







s






ve



re
s


nt
s
nt


s








re


"



re
re

nt

nt

nt
s




nt



re


m

d
ll

m

nt
Sir
s

s
re




Seor



nt

nt
d


Seor


nt
hey
s
s





d

Rachel

"

"

s
nt

nt
d



nt
"





s


s

"
nt
d
nt
nt

Seor



s




nt

s



look

nt



d



s
separate
oh

s
s


d





re
"






s

s

nt

d
s


s
But
nt
nt







s

s
nt
d

nt

ve

nt
"


ve

"








"



"
s


"
nt
ll




m
s



m


d


s

nt



s


s

s

nt
re



ve
s

nt
weirdness


but


s








re
s
m
nt





nt










nt


nt


nt
s



re




s
nt

s
d

m
m


re
ve


nt
s






s
s
nt

s



nt

s


s




s




d
nt

s



s

you
nt

nt

nt
s












s

s






re
"



ll

nt
"

m
s






nt








nt



s
s







s




nt

m







re








ll


re
s




s
re

s


m

re
s

re

ve

nt




"
d



nt



nt




d
nt

"

nt
s

s
ll










surprising







re
ll







surprising

"




nt
ve




re




re


d




s

s



m

s




nt
s
nt




ve

nt



re

s



m
"

s
s
re








nt

"
oclock
nt

read 2474 sentences 15415 target tokens
target types with >= 10 instances: 100
